$ /opt/homebrew/bin/uvx --from hermes-agent hermes -p default chat -Q --yolo -q <prompt>
cwd: /Users/me7eorite/Desktop/ctf-skills
timeout: 600s
env:
  (none)

--- stderr ---
Installed 57 packages in 192ms

session_id: 20260617_233221_f519b3
--- end stderr ---

--- stdout ---
Designed **web-0001: Debug Endpoint Leak** — a smoke-test web challenge for endpoint discovery and information disclosure.

## Output

**Machine-readable JSON:** `/private/tmp/web-0001-output.json`

**Full specification:** `/private/tmp/web-0001-spec.md`

## Summary

| Field | Value |
|-------|-------|
| ID | web-0001 |
| Title | Debug Endpoint Leak |
| Category | web |
| Difficulty | easy |
| Points | 100 |
| Port | 9001 |
| Technique | Information disclosure via exposed debug endpoint |

**Player Prompt:**
> A development team deployed their internal status dashboard to production. They claim it's secure because it's "just a status page." Check if they left anything sensitive exposed.

**Intended Path:**
1. Observe status dashboard at `/`
2. Discover `/debug` endpoint via directory brute-force or manual guessing
3. Extract flag from environment variable dump

**Flag:** `flag{sm0k3_t3st_d3bug_3ndp01nt_l34k}` (static, in `SECRET_FLAG` env var)

**Deployment:**
- Python 3.11-slim Flask app
- Runs as `www-data` (non-root)
- Port 9001 → 8080
- No volumes, no privileges, single service

**Quality Gate:** All safety, fairness, and challenge-level checks passed — synthetic target, non-root container, no obscure tools needed, clear learning objective, staged hints, and runnable validation.
--- end stdout ---
