$ /opt/homebrew/bin/uvx --from hermes-agent hermes -p default chat -Q --yolo -q <prompt>
cwd: /Users/me7eorite/Desktop/ctf-skills
timeout: 600s
env:
  (none)

--- stderr ---

session_id: 20260618_000305_491072
--- end stderr ---

--- stdout ---
{
  "event": {
    "name": "SQL Injection Sample",
    "flag_format": "flag{...}"
  },
  "challenges": [
    {
      "id": "web-0001",
      "title": "SQL injection sample — task 1",
      "category": "web",
      "difficulty": "easy",
      "points": 100,
      "port": 9001,
      "deployment": "docker",
      "primary_technique": "Stub SQL injection technique",
      "secondary_technique": null,
      "learning_objective": "Reproduce Stub SQL injection technique on a web target derived from research run 1.",
      "estimated_solve_time": "15-30 minutes",
      "authoring_effort": "low",
      "player_prompt": "A local startup has deployed their first web application with a user login system. The security team suspects the developers may have taken shortcuts in their authentication implementation. Can you find a way to access the admin panel?\n\nTarget: http://target:9001",
      "intended_path": [
        "Access the web application and observe the login form",
        "Test input fields for SQL injection by injecting single quotes",
        "Observe error messages or behavioral changes indicating SQL syntax impact",
        "Craft a payload like ' OR '1'='1'-- or ' OR 1=1-- to bypass the WHERE clause",
        "Successfully authenticate and retrieve the flag from the admin dashboard"
      ],
      "artifacts": {
        "files": [],
        "services": [
          {
            "name": "web",
            "type": "http",
            "port": 8080,
            "description": "PHP-based login application with MySQL backend"
          }
        ],
        "docker_notes": "Single-container deployment with Apache/PHP and MySQL client. Database initialized on startup with seeded users table. Internal port 8080 mapped to host port 9001."
      },
      "delivery_format": {
        "prefix": "js-web",
        "exp_package": "工具/js-web-sqli_bypass_001exp.zip",
        "docker_config_package": "题库资源/deploy/js-web-sqli_bypass_001.zip",
        "attachment_package": "not required",
        "pdf_report": "题库资源/deploy/report/js-web-sqli_bypass_001.pdf",
        "docker_tar": "虚拟机资源/docker-tar/sqli_bypass_001[9001]-20260618.tar",
        "deploy_tree": "deploy/src/, deploy/_files/, deploy/Dockerfile, deploy/docker-compose.yml"
      },
      "flag_plan": {
        "format": "flag{...}",
        "location": "Database row in 'secrets' table, displayed on admin dashboard after successful bypass",
        "generation_rule": "static"
      },
      "validation": {
        "reference_solve": "exp.py",
        "expected_result": "Script performs SQL injection bypass and extracts flag from response body",
        "regression_checks": [
          "Verify login works with valid credentials",
          "Verify bypass payload no longer works after fix",
          "Verify flag is not accessible via static file enumeration"
        ]
      },
      "hints": [
        {
          "stage": 1,
          "content": "Try entering a single quote (') in the username field. What happens?"
        },
        {
          "stage": 2,
          "content": "SQL queries use single quotes to delimit strings. Can you close the string and add your own condition?"
        },
        {
          "stage": 3,
          "content": "The query likely looks like: SELECT * FROM users WHERE username='[INPUT]' AND password='[INPUT]'. Try: admin'-- or ' OR '1'='1'--"
        }
      ],
      "anti_frustration_checks": [
        "False path: No blind/time-based SQLi needed - error messages visible",
        "Tool dependency: None - can be solved with browser alone or curl",
        "Race condition: None - stateless request",
        "Reset behavior: Database re-seeded on container restart"
      ],
      "scenario": "Use input-controlled SQL syntax to alter a query.",
      "constraints": {}
    }
  ]
}
--- end stdout ---
