$ /opt/homebrew/bin/uvx --from hermes-agent hermes -p default chat -Q --yolo -q <prompt>
cwd: /Users/me7eorite/Desktop/ctf-skills
timeout: 600s
env:
  (none)

--- stderr ---

session_id: 20260618_000439_fc4719
--- end stderr ---

--- stdout ---
```json
{
  "event": {
    "name": "SQL injection bypass test",
    "theme": "web security fundamentals",
    "audience": "intermediate university or club CTF players",
    "categories": ["web"],
    "difficulty_mix": {"easy": 2, "medium": 2},
    "flag_format": "flag{...}",
    "platform_constraints": "CTFd with Docker deployment"
  },
  "challenges": [
    {
      "id": "web-0001",
      "title": "SQL injection bypass test — task 1",
      "category": "web",
      "difficulty": "easy",
      "points": 100,
      "port": 9001,
      "deployment": "docker",
      "authoring_effort": "low",
      "estimated_solve_time": "15-30 minutes",
      "primary_technique": "Authentication bypass with OR 1=1",
      "secondary_technique": null,
      "learning_objective": "Reproduce Authentication bypass with OR 1=1 on a web target derived from research run 1.",
      "player_prompt": "A simple login page has been deployed for testing purposes. The developers claim it's secure, but something seems off. Can you find a way to access the admin panel without knowing the credentials?",
      "intended_path": [
        "Observe the login form with username and password fields",
        "Identify that the application uses string concatenation for SQL queries",
        "Inject ' OR '1'='1 into the username or password field",
        "The SQL query becomes SELECT * FROM users WHERE username='' OR '1'='1' AND password='...' which evaluates to true",
        "Retrieve the flag from the admin panel or response"
      ],
      "artifacts": {
        "files": ["index.html", "login.php", "config.php", "database.sql"],
        "services": "HTTP service on port 9001",
        "docker_notes": "Single-service container with Apache/PHP and SQLite database seeded with user data"
      },
      "delivery_format": {
        "prefix": "js-web",
        "exp_writeup_package": "工具/js-web-sqli_bypass_001exp.zip",
        "docker_config_package": "题库资源/deploy/js-web-sqli_bypass_001.zip",
        "attachment_package": "题库资源/deploy/enclosure/js-web-sqli_bypass_001.zip",
        "pdf_report": "题库资源/deploy/report/js-web-sqli_bypass_001.pdf",
        "docker_tar": "虚拟机资源/docker-tar/sqli_bypass_001[9001]-20260618.tar",
        "deploy_tree": {
          "src": ["index.html", "login.php", "dashboard.php", "logout.php", "flag.php"],
          "_files": ["start.sh", "init.sql", "apache.conf"],
          "dockerfile": "Dockerfile",
          "docker_compose": "docker-compose.yml"
        }
      },
      "flag_plan": {
        "format": "flag{...}",
        "location": "flag.php rendered after successful authentication bypass",
        "generation_rule": "static flag stored in environment variable and checked by flag.php",
        "example_flag": "flag{sql_1nj3ct10n_byp4ss_m4st3r3d}"
      },
      "validation": {
        "reference_solve": "exp.py — automated script using requests library to inject ' OR '1'='1 and parse flag",
        "expected_result": "Flag appears in response after successful authentication bypass",
        "regression_checks": [
          "Login with valid credentials still works",
          "Normal injection attempts without OR logic fail",
          "Flag is not exposed in source code or client-side files"
        ]
      },
      "hints": [
        "The login form might not be sanitizing user input properly",
        "SQL queries can be manipulated by injecting boolean conditions",
        "Try making the WHERE clause always evaluate to true"
      ],
      "anti_frustration_checks": [
        "Remove any hidden endpoints that might confuse players",
        "Ensure the flag is clearly visible after successful bypass",
        "Test with common SQL injection payloads from OWASP cheat sheet",
        "Verify the challenge works on multiple browsers"
      ],
      "dockerfile": "FROM php:7.4-apache\nRUN apt-get update && apt-get install -y sqlite3 && rm -rf /var/lib/apt/lists/*\nCOPY src/ /var/www/html/\nCOPY _files/init.sql /tmp/\nRUN sqlite3 /var/www/html/users.db < /tmp/init.sql && rm /tmp/init.sql && chown -R www-data:www-data /var/www/html\nEXPOSE 8080\nUSER www-data\nCMD [\"apache2-foreground\"]",
      "docker_compose": "version: '3.8'\nservices:\n  sqli_bypass_001:\n    image: sqli_bypass_001\n    container_name: sqli_bypass_001\n    build: .\n    ports:\n      - \"9001:8080\"\n    environment:\n      FLAG: ${FLAG}\n    user: www-data",
      "runtime_permissions": "none — standard www-data user with read-only application files",
      "scenario": "Injecting ' OR '1'='1 or similar boolean conditions into SQL query parameters can bypass authentication by making the WHERE clause always evaluate to true, allowing access without valid credentials.",
      "safety_checks": {
        "synthetic_target": true,
        "isolated_deployment": true,
        "no_real_malware": true,
        "no_production_systems": true
      }
    }
  ]
}
```
--- end stdout ---
