$ /opt/homebrew/bin/uvx --from hermes-agent hermes -p default chat -Q --yolo -q <prompt>
cwd: /Users/me7eorite/Desktop/ctf-skills
timeout: 600s
env:
  (none)

--- stderr ---

session_id: 20260617_233752_a219eb
--- end stderr ---

--- stdout ---
## Challenge Design Complete

I've designed the SQL injection challenge **web-0001: SQL Injection Login Bypass** following the design-challenges skill specifications.

### Created Files

1. **Detailed Design Document**: `/tmp/web-0001-design.md`
   - Complete challenge specification with all required sections
   - Full implementation code (Flask app, Dockerfile, docker-compose.yml)
   - Validation plan with regression checks
   - Quality gate verification passed

2. **Machine-Readable Output**: `/tmp/web-0001-output.json`
   - Single JSON object with `event` and `challenges` array
   - One challenge entry as requested
   - All validator-enforced fields included

### Challenge Summary

**SQL Injection Login Bypass** (Easy, 100 pts, Port 9001)

- **Technique**: SQL injection authentication bypass via comment injection
- **Learning Objective**: Understand how unsanitized user input in SQL queries allows authentication bypass
- **Player Path**: Discover vulnerable login form → Inject SQL payload (`admin'--`) → Access admin panel → Extract flag
- **Validation**: Multiple payloads work, source code provided, clear feedback
- **Safety**: Isolated Docker container, non-root user, synthetic fictional target
- **Delivery Format**: Full package structure with EXP/writeup, Docker config, attachments, and PDF report

### Key Features

- **Educational Transparency**: Source code and schema provided to reduce black-box frustration
- **Multiple Valid Payloads**: Both `admin'--` and `' OR '1'='1` work
- **Clear Progression**: Login → Bypass → Admin panel → Flag
- **Proper Deployment**: Non-root `www-data` user, unprivileged port 8080, no volumes
- **Quality Verified**: Passes all safety, fairness, and event-level checks

The challenge is ready for implementation and deployment according to the delivery format specifications.
--- end stdout ---
