$ /opt/homebrew/bin/uvx --from hermes-agent hermes -p default chat -Q --yolo -q <prompt>
cwd: /Users/me7eorite/Desktop/ctf-skills
timeout: 600s
env:
  (none)

--- stderr ---

session_id: 20260617_235014_a6c9c7
--- end stderr ---

--- stdout ---
Based on the skill documentation and pinned values provided, I'll generate a complete challenge specification for the blind SQL injection time-based challenge. The output must be pure JSON matching the required schema.

```json
{
  "event": {
    "name": "SQL injection bypass test",
    "flag_format": "flag{...}",
    "audience": "intermediate",
    "scoring": "static"
  },
  "challenges": [
    {
      "id": "web-0003",
      "title": "SQL injection bypass test — task 3",
      "category": "web",
      "difficulty": "medium",
      "points": 200,
      "port": 9003,
      "deployment": "docker",
      "primary_technique": "Blind SQL injection via time delays",
      "secondary_technique": "Query result inference",
      "learning_objective": "Reproduce Blind SQL injection via time delays on a web target derived from research run 1.",
      "estimated_solve_time": "20-40 minutes",
      "authoring_effort": "medium",
      "player_prompt": "A customer support portal allows users to check their ticket status. The search function seems to respond slowly for certain inputs. Can you find a way to extract hidden information from the database?",
      "intended_path": [
        "1. Discover the ticket search endpoint at /search and observe it accepts a 'query' parameter",
        "2. Test basic SQL injection payloads and notice responses are generic regardless of input",
        "3. Attempt time-based payloads like ' OR SLEEP(5)-- and observe delayed responses",
        "4. Confirm blind SQL injection using conditional time delays: ' OR IF(1=1,SLEEP(3),0)--",
        "5. Enumerate database structure using time-based inference: table names, column names",
        "6. Extract the flag character by character using conditional SLEEP() statements"
      ],
      "artifacts": {
        "source_code": "Flask application with SQLite backend, intentionally vulnerable search query",
        "static_files": "None required",
        "docker_config": "Single container with Flask app and SQLite database seeded with ticket data",
        "seeded_data": "Users table with admin account, tickets table with flag in hidden comment field"
      },
      "flag_plan": {
        "format": "flag{t1m3_b4s3d_bl1nd_sql1_m4st3r}",
        "location": "Database table 'secrets', column 'flag_value'",
        "generation_rule": "static",
        "injection_method": "environment.FLAG in docker-compose.yml, read by app at startup"
      },
      "validation": {
        "reference_solve": "exp.py using time-based blind SQL injection with binary search character extraction",
        "expected_result": "Flag extracted from secrets.flag_value using conditional SLEEP() statements",
        "regression_checks": [
          "Verify challenge remains solvable with provided EXP script",
          "Verify no UNION-based shortcut exists (query structure prevents it)",
          "Verify error messages do not leak query structure",
          "Verify SLEEP() is not filtered by input validation"
        ],
        "health_check": "curl localhost:9003/health returns 200 OK"
      },
      "hints": [
        "The search function doesn't show errors, but it might still be vulnerable. What happens if the query takes longer to execute?",
        "Try using database-specific time delay functions. MySQL uses SLEEP(), PostgreSQL uses pg_sleep(), SQL Server uses WAITFOR DELAY.",
        "You can use conditional logic: IF(condition, SLEEP(3), 0). If the condition is true, the response will be delayed."
      ],
      "anti_frustration_checks": [
        "Removed false-positive time delays from application logging",
        "Pinned Flask and SQLite versions to prevent breaking changes",
        "Database seeded with minimal rows to keep extraction time reasonable",
        "Added rate limiting bypass hint if players hit it (500ms minimum between queries documented in hint 2)"
      ],
      "docker_compose_service": {
        "name": "web-0003",
        "image": "web-0003",
        "container_name": "web-0003",
        "environment": {
          "FLAG": "${FLAG}"
        },
        "ports": ["9003:8080"],
        "volumes": "none",
        "privileged": false,
        "capabilities": "none",
        "user": "www-data",
        "workdir": "/var/www/html"
      },
      "dockerfile_notes": {
        "base_image": "python:3.11-slim",
        "runtime_user": "www-data",
        "writable_paths": ["/var/www/html/data"],
        "build_steps": [
          "Install Flask and SQLite dependencies",
          "Copy application source to /var/www/html",
          "Create /var/www/html/data for SQLite database (writable by www-data)",
          "Initialize database with seed data",
          "Expose port 8080",
          "Run as www-data user"
        ],
        "apt_source": "upstream default"
      },
      "metadata": {
        "author": "challenge-designer",
        "created": "2026-06-17",
        "technique_refs": [
          "https://portswigger.net/web-security/sql-injection/blind",
          "https://owasp.org/www-community/attacks/Blind_SQL_Injection"
        ],
        "safety_verified": true,
        "isolated_target": true,
        "no_production_credentials": true,
        "organizer_owned": true
      },
      "delivery_files": {
        "exp_writeup_package": "工具/js-web-sqli_bypass_003exp.zip",
        "docker_config_package": "题库资源/deploy/js-web-sqli_bypass_003.zip",
        "attachment_package": "not required",
        "pdf_report": "题库资源/deploy/report/js-web-sqli_bypass_003.pdf",
        "docker_tar": "虚拟机资源/docker-tar/web-0003[9003]-20260617.tar",
        "deploy_tree": {
          "deploy/src/": "Flask application source (app.py, models.py, requirements.txt)",
          "deploy/_files/": "Database init script (init_db.sh), health check endpoint",
          "deploy/Dockerfile": "Multi-stage build with www-data runtime user",
          "deploy/docker-compose.yml": "Single service with FLAG environment variable"
        }
      },
      "overview_excel_row": "web-0003, SQL injection bypass test — task 3, A customer support portal with a vulnerable search function. Investigate why certain queries take longer to respond., web, medium, Blind SQL injection via time delays, 200, flag{...}, active",
      "image_inventory_row": "web-0003, web-0003[9003]-20260617.tar, 9003, python:3.11-slim, python app.py"
    }
  ]
}
```
--- end stdout ---
